MIAV2MT2/MIAV2MT2/app/build/intermediates/manifest_merge_blame_file/debug/manifest-merger-blame-debug-report.txt
1<?xml version="1.0" encoding="utf-8"?>
2<manifest xmlns:android="http://schemas.android.com/apk/res/android"
3    package="uern.com.br.mia"
4    android:versionCode="1"
5    android:versionName="1.1" >
6
7    <uses-sdk
8        android:minSdkVersion="21"
8-->src\main\AndroidManifest.xml
9        android:targetSdkVersion="26" />
9-->src\main\AndroidManifest.xml
10
11    <uses-permission android:name="android.permission.BLUETOOTH" />
11-->src\main\AndroidManifest.xml:5:5-68
11-->src\main\AndroidManifest.xml:5:22-65
12    <uses-permission android:name="android.permission.BLUETOOTH_ADMIN" />
12-->src\main\AndroidManifest.xml:6:5-74
12-->src\main\AndroidManifest.xml:6:22-71
13    <uses-permission android:name="android.permission.RECORD_AUDIO" />
13-->src\main\AndroidManifest.xml:7:5-71
13-->src\main\AndroidManifest.xml:7:22-68
14    <uses-permission android:name="android.permission.WRITE_EXTERNAL_STORAGE" />
14-->src\main\AndroidManifest.xml:8:5-81
14-->src\main\AndroidManifest.xml:8:22-78
15    <uses-permission android:name="android.permission.ACCESS_NETWORK_STATE" />
15-->src\main\AndroidManifest.xml:9:5-79
15-->src\main\AndroidManifest.xml:9:22-76
16    <uses-permission android:name="android.permission.INTERNET" />
16-->src\main\AndroidManifest.xml:10:5-67
16-->src\main\AndroidManifest.xml:10:22-64
17
18    <application
18-->src\main\AndroidManifest.xml:12:5-84:19
19        android:allowBackup="true"
19-->src\main\AndroidManifest.xml:13:9-35
20        android:debuggable="true"
20-->src\main\AndroidManifest.xml:14:9-34
21        android:icon="@drawable/ic_launcher"
21-->src\main\AndroidManifest.xml:15:9-45
22        android:label="@string/app_name"
22-->src\main\AndroidManifest.xml:16:9-41
23        android:largeHeap="true"
23-->src\main\AndroidManifest.xml:17:9-33
24        android:testOnly="true"
25        android:theme="@style/AppTheme" >
25-->src\main\AndroidManifest.xml:18:9-40
26        <activity android:name="uern.com.br.miapp.ViewNotification" >
26-->src\main\AndroidManifest.xml:19:9-27:20
26-->src\main\AndroidManifest.xml:19:19-51
27            <intent-filter>
27-->src\main\AndroidManifest.xml:20:13-26:29
28                <action android:name="android.intent.action.MAIN" />
28-->src\main\AndroidManifest.xml:21:17-69
28-->src\main\AndroidManifest.xml:21:25-66
29
30                <category android:name="android.intent.category.LAUNCHER" />
30-->src\main\AndroidManifest.xml:23:17-77
30-->src\main\AndroidManifest.xml:23:27-74
31
32                <action android:name="android.intent.action.VIEW" />
32-->src\main\AndroidManifest.xml:25:17-69
32-->src\main\AndroidManifest.xml:25:25-66
33            </intent-filter>
34        </activity>
35        <activity android:name="uern.com.br.miapp.NovoLogin" >
35-->src\main\AndroidManifest.xml:28:9-38:20
35-->src\main\AndroidManifest.xml:28:19-44
36
37            <!-- <intent-filter> -->
38            <!-- <action android:name="android.intent.action.MAIN" /> -->
39
40
41            <!-- <category android:name="android.intent.category.LAUNCHER" /> -->
42
43
44            <!-- <action android:name="android.intent.action.VIEW" /> -->
45            <!-- </intent-filter> -->
46        </activity>
47        <activity android:name="uern.com.br.miapp.ListaInfoPaciente" >
47-->src\main\AndroidManifest.xml:39:9-50:20
47-->src\main\AndroidManifest.xml:39:19-52
48
49            <!-- <intent-filter> -->
50            <!-- <action android:name="android.intent.action.MAIN" /> -->
51
52
53            <!-- <category android:name="android.intent.category.LAUNCHER" /> -->
54
55
56            <!-- <action android:name="android.intent.action.VIEW" /> -->
57            <!-- </intent-filter> -->
58        </activity>
59        <activity android:name="uern.com.br.miapp.EntradaDegluticao" >
59-->src\main\AndroidManifest.xml:51:9-62:20
59-->src\main\AndroidManifest.xml:51:19-52
60
61            <!-- <intent-filter> -->
62            <!-- <action android:name="android.intent.action.MAIN" /> -->
63
64
65            <!-- <category android:name="android.intent.category.LAUNCHER" /> -->
66
67
68            <!-- <action android:name="android.intent.action.VIEW" /> -->
69            <!-- </intent-filter> -->
70        </activity>
71        <activity
71-->src\main\AndroidManifest.xml:63:9-73:20
72            android:name="uern.com.br.miapp.Login"
72-->src\main\AndroidManifest.xml:64:13-34
73            android:label="@string/app_name" >
73-->src\main\AndroidManifest.xml:65:13-45
74
75            <!-- <intent-filter> -->
76            <!-- <action android:name="android.intent.action.MAIN" /> -->
77
78
79            <!-- <category android:name="android.intent.category.LAUNCHER" /> -->
80            <!-- </intent-filter> -->
81        </activity>
82        <activity
82-->src\main\AndroidManifest.xml:74:9-76:48
83            android:name="uern.com.br.miapp.Main"
83-->src\main\AndroidManifest.xml:75:13-33
84            android:label="@string/app_name" />
84-->src\main\AndroidManifest.xml:76:13-45
85        <activity
85-->src\main\AndroidManifest.xml:77:9-80:52
86            android:name="uern.com.br.miapp.ReceiverData"
86-->src\main\AndroidManifest.xml:78:13-41
87            android:label="@string/app_name"
87-->src\main\AndroidManifest.xml:79:13-45
88            android:screenOrientation="portrait" />
88-->src\main\AndroidManifest.xml:80:13-49
89        <activity
89-->src\main\AndroidManifest.xml:81:9-83:48
90            android:name="uern.com.br.miapp.Settings"
90-->src\main\AndroidManifest.xml:82:13-37
91            android:label="@string/app_name" />
91-->src\main\AndroidManifest.xml:83:13-45
92
93        <meta-data
93-->[com.android.support:design:26.1.0] AndroidManifest.xml:26:9-28:38
94            android:name="android.support.VERSION"
94-->[com.android.support:design:26.1.0] AndroidManifest.xml:27:13-51
95            android:value="26.1.0" />
95-->[com.android.support:design:26.1.0] AndroidManifest.xml:28:13-35
96        <meta-data
96-->[android.arch.lifecycle:runtime:1.0.0] AndroidManifest.xml:25:9-27:47
97            android:name="android.arch.lifecycle.VERSION"
97-->[android.arch.lifecycle:runtime:1.0.0] AndroidManifest.xml:26:13-58
98            android:value="27.0.0-SNAPSHOT" />
98-->[android.arch.lifecycle:runtime:1.0.0] AndroidManifest.xml:27:13-44
99    </application>
100
101</manifest>